This file contains any messages produced by compilers while
running configure, to aid debugging if configure makes a mistake.

It was created by GNU Automake configure 1.9, which was
generated by GNU Autoconf 2.59.  Invocation command line was

  $ ./configure 

## --------- ##
## Platform. ##
## --------- ##

hostname = Patrick-Wus-MacBook-Pro.local
uname -m = x86_64
uname -r = 13.1.0
uname -s = Darwin
uname -v = Darwin Kernel Version 13.1.0: Wed Apr  2 23:52:02 PDT 2014; root:xnu-2422.92.1~2/RELEASE_X86_64

/usr/bin/uname -p = i386
/bin/uname -X     = unknown

/bin/arch              = unknown
/usr/bin/arch -k       = unknown
/usr/convex/getsysinfo = unknown
hostinfo               = Mach kernel version:
	 Darwin Kernel Version 13.1.0: Wed Apr  2 23:52:02 PDT 2014; root:xnu-2422.92.1~2/RELEASE_X86_64
Kernel configured for up to 4 processors.
2 processors are physically available.
4 processors are logically available.
Processor type: i486 (Intel 80486)
Processors active: 0 1 2 3
Primary memory available: 4.00 gigabytes
Default processor set: 174 tasks, 870 threads, 4 processors
Load average: 1.19, Mach factor: 2.80
/bin/machine           = unknown
/usr/bin/oslevel       = unknown
/bin/universe          = unknown

PATH: usr/local.bin
PATH: /usr/bin
PATH: /bin
PATH: /usr/sbin
PATH: /sbin
PATH: /usr/local/bin
PATH: /opt/X11/bin
PATH: /usr/texbin
PATH: usr/local.bin
PATH: .
PATH: /usr/local/sbin
PATH: /usr/local/texlive/2013/bin/x86_64-darwin
PATH: .
PATH: /usr/local/bin
PATH: /usr/local/sbin
PATH: /usr/local/texlive/2013/bin/x86_64-darwin


## ----------- ##
## Core tests. ##
## ----------- ##

configure:1275: checking build system type
configure:1293: result: i686-apple-darwin13.1.0
configure:1321: checking for a BSD-compatible install
configure:1376: result: /usr/bin/install -c
configure:1387: checking whether build environment is sane
configure:1430: result: yes
configure:1495: checking for gawk
configure:1524: result: no
configure:1495: checking for mawk
configure:1524: result: no
configure:1495: checking for nawk
configure:1524: result: no
configure:1495: checking for awk
configure:1511: found /usr/bin/awk
configure:1521: result: awk
configure:1531: checking whether make sets $(MAKE)
configure:1551: result: yes
configure:1741: checking for perl
configure:1759: found /usr/bin/perl
configure:1771: result: /usr/bin/perl
configure:1792: checking for tex
configure:1808: found /usr/texbin/tex
configure:1818: result: tex
configure:1832: checking whether autoconf is installed
configure:1837: eval autoconf --version
./configure: line 1838: autoconf: command not found
configure:1840: $? = 127
configure:1848: result: no
configure:1852: error: Autoconf 2.58 or better is required.
    Please make sure it is installed and in your PATH.

## ---------------- ##
## Cache variables. ##
## ---------------- ##

ac_cv_build=i686-apple-darwin13.1.0
ac_cv_build_alias=i686-apple-darwin13.1.0
ac_cv_env_build_alias_set=
ac_cv_env_build_alias_value=
ac_cv_env_host_alias_set=
ac_cv_env_host_alias_value=
ac_cv_env_target_alias_set=
ac_cv_env_target_alias_value=
ac_cv_path_PERL=/usr/bin/perl
ac_cv_path_install='/usr/bin/install -c'
ac_cv_prog_AWK=awk
ac_cv_prog_TEX=tex
ac_cv_prog_make_make_set=yes
am_cv_autoconf_installed=no

## ----------------- ##
## Output variables. ##
## ----------------- ##

ACLOCAL='perllibdir=/Users/patrickwu/Tech/HouseDroid/automake-1.9"/lib:./lib" /Users/patrickwu/Tech/HouseDroid/automake-1.9/aclocal --acdir=m4'
AMTAR='${SHELL} /Users/patrickwu/Tech/HouseDroid/automake-1.9/lib/missing --run tar'
APIVERSION='1.9'
AUTOCONF='${SHELL} /Users/patrickwu/Tech/HouseDroid/automake-1.9/lib/missing --run autoconf'
AUTOHEADER='${SHELL} /Users/patrickwu/Tech/HouseDroid/automake-1.9/lib/missing --run autoheader'
AUTOMAKE='perllibdir=/Users/patrickwu/Tech/HouseDroid/automake-1.9"/lib:./lib" /Users/patrickwu/Tech/HouseDroid/automake-1.9/automake --libdir=lib'
AWK='awk'
CYGPATH_W='echo'
DEFS=''
ECHO_C='ECHO_N=''
ECHO_T=''
EGREP=''
FGREP=''
INSTALL_DATA='${INSTALL} -m 644'
INSTALL_PROGRAM='${INSTALL}'
INSTALL_SCRIPT='${INSTALL}'
INSTALL_STRIP_PROGRAM='${SHELL} $(install_sh) -c -s'
LIBOBJS=''
LIBS=''
LN=''
LTLIBOBJS=''
MAKEINFO='${SHELL} /Users/patrickwu/Tech/HouseDroid/automake-1.9/lib/missing --run makeinfo'
MODIFICATION_DELAY=''
PACKAGE='automake'
PACKAGE_BUGREPORT='bug-automake@gnu.org'
PACKAGE_NAME='GNU Automake'
PACKAGE_STRING='GNU Automake 1.9'
PACKAGE_TARNAME='automake'
PACKAGE_VERSION='1.9'
PATH_SEPARATOR=':'
PERL='/usr/bin/perl'
SET_MAKE=''
SHELL='/bin/sh'
STRIP=''
TEX='tex'
VERSION='1.9'
ac_ct_STRIP=''
am__leading_dot='.'
am__tar='${AMTAR} chof - "$$tardir"'
am__untar='${AMTAR} xf -'
bindir='${exec_prefix}/bin'
build='i686-apple-darwin13.1.0'
build_alias=''
build_cpu='i686'
build_os='darwin13.1.0'
build_vendor='apple'
datadir='${prefix}/share'
exec_prefix='NONE'
host_alias=''
includedir='${prefix}/include'
infodir='${prefix}/info'
install_sh='/Users/patrickwu/Tech/HouseDroid/automake-1.9/lib/install-sh'
libdir='${exec_prefix}/lib'
libexecdir='${exec_prefix}/libexec'
localstatedir='${prefix}/var'
mandir='${prefix}/man'
mkdir_p='$(mkinstalldirs)'
oldincludedir='/usr/include'
pkgvdatadir='${datadir}/automake-1.9'
prefix='NONE'
program_transform_name='s,x,x,'
sbindir='${exec_prefix}/sbin'
sharedstatedir='${prefix}/com'
sysconfdir='${prefix}/etc'
target_alias=''

## ----------- ##
## confdefs.h. ##
## ----------- ##

#define PACKAGE "automake"
#define PACKAGE_BUGREPORT "bug-automake@gnu.org"
#define PACKAGE_NAME "GNU Automake"
#define PACKAGE_STRING "GNU Automake 1.9"
#define PACKAGE_TARNAME "automake"
#define PACKAGE_VERSION "1.9"
#define VERSION "1.9"

configure: exit 1
